<?xml version="1.0" encoding="UTF-8"?>
<testsuite xmlns:xsi="http://www.w3.org/2001/XMLSchema-instance" xsi:noNamespaceSchemaLocation="https://maven.apache.org/surefire/maven-surefire-plugin/xsd/surefire-test-report.xsd" name="com.lakesidemutual.customerselfservice.tests.ArchitectureTests" time="2.426" tests="10" errors="0" skipped="0" failures="0">
  <properties>
[...]
</properties>
  <testcase name="ddd_objects_should_reside_in_domain_pkg" classname="com.lakesidemutual.customerselfservice.tests.ArchitectureTests" time="2.273"/>
  <testcase name="domain_events_should_be_suffixed" classname="com.lakesidemutual.customerselfservice.tests.ArchitectureTests" time="0"/>
  <testcase name="dtos_should_reside_in_dtos_pkg" classname="com.lakesidemutual.customerselfservice.tests.ArchitectureTests" time="0"/>
  <testcase name="entities_should_be_suffixed" classname="com.lakesidemutual.customerselfservice.tests.ArchitectureTests" time="0"/>
  <testcase name="factories_should_be_suffixed" classname="com.lakesidemutual.customerselfservice.tests.ArchitectureTests" time="0"/>
  <testcase name="layer_dependencies_are_respected" classname="com.lakesidemutual.customerselfservice.tests.ArchitectureTests" time="0"/>
  <testcase name="repositories_should_be_suffixed" classname="com.lakesidemutual.customerselfservice.tests.ArchitectureTests" time="0"/>
  <testcase name="rest_controllers_should_be_suffixed" classname="com.lakesidemutual.customerselfservice.tests.ArchitectureTests" time="0"/>
  <testcase name="rest_controllers_should_reside_in_interfaces_pkg" classname="com.lakesidemutual.customerselfservice.tests.ArchitectureTests" time="0"/>
  <testcase name="root_entities_should_be_suffixed" classname="com.lakesidemutual.customerselfservice.tests.ArchitectureTests" time="0"/>
</testsuite>